2014-01-03 13:45:24.040 Todo[4412:80b] Multi-tasking -> Device: YES, App: YES
2014-01-03 13:45:24.063 Todo[4412:80b] Unlimited access to network resources
2014-01-03 13:45:24.386 Todo[4412:80b] Resetting plugins due to page load.
2014-01-03 13:45:24.496 Todo[4412:80b] Finished load of: file:///Users/bart/Library/Application%20Support/iPhone%20Simulator/7.0.3/Applications/3D8199FE-7659-4993-9682-F8C17493D675/Todo.app/www/index.html
2014-01-03 13:45:24.524 Todo[4412:80b] Received Event: deviceready
2014-01-03 14:40:37.253 Todo[5542:80b] Multi-tasking -> Device: YES, App: YES
2014-01-03 14:40:37.259 Todo[5542:80b] Unlimited access to network resources
2014-01-03 14:40:37.351 Todo[5542:80b] Resetting plugins due to page load.
2014-01-03 14:40:37.579 Todo[5542:80b] Finished load of: file:///Users/bart/Library/Application%20Support/iPhone%20Simulator/7.0.3/Applications/3D8199FE-7659-4993-9682-F8C17493D675/Todo.app/www/index.html
2014-01-03 14:57:17.764 Todo[6375:80b] Multi-tasking -> Device: YES, App: YES
2014-01-03 14:57:17.774 Todo[6375:80b] Unlimited access to network resources
2014-01-03 14:57:18.082 Todo[6375:80b] Resetting plugins due to page load.
2014-01-03 14:57:31.616 Todo[6375:4003] void SendDelegateMessage(NSInvocation *): delegate (webView:runJavaScriptTextInputPanelWithPrompt:defaultText:initiatedByFrame:) failed to return after waiting 10 seconds. main run loop mode: kCFRunLoopDefaultMode
2014-01-03 14:57:31.669 Todo[6375:80b] Finished load of: file:///Users/bart/Library/Application%20Support/iPhone%20Simulator/7.0.3/Applications/3D8199FE-7659-4993-9682-F8C17493D675/Todo.app/www/index.html
2014-01-12 21:51:27.608 Todo[5179:80b] Multi-tasking -> Device: YES, App: YES
2014-01-12 21:51:27.631 Todo[5179:80b] Unlimited access to network resources
2014-01-12 21:51:27.967 Todo[5179:80b] Resetting plugins due to page load.
2014-01-12 21:51:28.160 Todo[5179:80b] Finished load of: file:///Users/bart/Library/Application%20Support/iPhone%20Simulator/7.0.3/Applications/3D8199FE-7659-4993-9682-F8C17493D675/Todo.app/www/index.html#/person
2014-01-14 14:09:07.166 Todo[13690:80b] Multi-tasking -> Device: YES, App: YES
2014-01-14 14:09:07.197 Todo[13690:80b] Unlimited access to network resources
2014-01-14 14:09:07.566 Todo[13690:80b] Resetting plugins due to page load.
2014-01-14 14:09:07.845 Todo[13690:80b] Finished load of: file:///Users/bart/Library/Application%20Support/iPhone%20Simulator/7.0.3/Applications/3D8199FE-7659-4993-9682-F8C17493D675/Todo.app/www/index.html#/person
2014-01-14 14:21:07.605 bigbangular-mobile[14617:80b] Multi-tasking -> Device: YES, App: YES
2014-01-14 14:21:07.612 bigbangular-mobile[14617:80b] Unlimited access to network resources
2014-01-14 14:21:07.615 bigbangular-mobile[14617:80b] Fix applied for database locations?: YES
2014-01-14 14:21:07.728 bigbangular-mobile[14617:80b] Resetting plugins due to page load.
2014-01-14 14:21:07.864 bigbangular-mobile[14617:80b] Finished load of: file:///Users/bart/Library/Application%20Support/iPhone%20Simulator/7.0.3/Applications/38866469-9514-4A05-8BE4-557CF420C38E/bigbangular-mobile.app/www/index.html#/person
2014-01-14 14:24:10.092 bigbangular-mobile[15517:80b] Multi-tasking -> Device: YES, App: YES
2014-01-14 14:24:10.098 bigbangular-mobile[15517:80b] Unlimited access to network resources
2014-01-14 14:24:10.192 bigbangular-mobile[15517:80b] Resetting plugins due to page load.
2014-01-14 14:24:10.373 bigbangular-mobile[15517:80b] Finished load of: file:///Users/bart/Library/Application%20Support/iPhone%20Simulator/7.0.3/Applications/38866469-9514-4A05-8BE4-557CF420C38E/bigbangular-mobile.app/www/index.html#/person
